<?xml version="1.0" encoding="UTF-8"?>
<!-- Generated by org.testng.reporters.JUnitReportReporter -->
<testsuite hostname="3-THINK" name="com.example.tests.GroupRemovalTests" tests="1" failures="0" timestamp="17 Aug 2015 11:40:36 GMT" time="0.704" errors="0">
  <testcase name="deleteSomeGroup" time="0.704" classname="com.example.tests.GroupRemovalTests"/>
</testsuite> <!-- com.example.tests.GroupRemovalTests -->
